# JRE version: OpenJDK Runtime Environment Temurin-17+35 (17.0+35) (build 17+35)
# Java VM: OpenJDK 64-Bit Server VM Temurin-17+35 (17+35, mixed mode, tiered, compressed oops, compressed class ptrs, g1 gc, linux-amd64)
Heap:
 garbage-first heap   total 81920K, used 43905K [0x0000000085200000, 0x0000000100000000)
  region size 1024K, 23 young (23552K), 6 survivors (6144K)
 Metaspace       used 76777K, committed 77248K, reserved 1122304K
  class space    used 10075K, committed 10304K, reserved 1048576K
GC Heap History (20 events):
Event: 6.660 GC heap before
{Heap before GC invocations=11 (full 0):
 garbage-first heap   total 34816K, used 24130K [0x0000000085200000, 0x0000000100000000)
  region size 1024K, 12 young (12288K), 2 survivors (2048K)
 Metaspace       used 34845K, committed 35200K, reserved 1081344K
  class space    used 4110K, committed 4288K, reserved 1048576K
}
Event: 6.667 GC heap after
{Heap after GC invocations=12 (full 0):
 garbage-first heap   total 50176K, used 16077K [0x0000000085200000, 0x0000000100000000)
  region size 1024K, 2 young (2048K), 2 survivors (2048K)
 Metaspace       used 34845K, committed 35200K, reserved 1081344K
  class space    used 4110K, committed 4288K, reserved 1048576K
}
Event: 6.878 GC heap before
{Heap before GC invocations=12 (full 0):
 garbage-first heap   total 50176K, used 20173K [0x0000000085200000, 0x0000000100000000)
  region size 1024K, 8 young (8192K), 2 survivors (2048K)
 Metaspace       used 35801K, committed 36160K, reserved 1081344K
  class space    used 4214K, committed 4352K, reserved 1048576K
}
Event: 6.889 GC heap after
{Heap after GC invocations=13 (full 0):
 garbage-first heap   total 50176K, used 16616K [0x0000000085200000, 0x0000000100000000)
  region size 1024K, 2 young (2048K), 2 survivors (2048K)
 Metaspace       used 35801K, committed 36160K, reserved 1081344K
  class space    used 4214K, committed 4352K, reserved 1048576K
}
Event: 7.857 GC heap before
{Heap before GC invocations=14 (full 0):
 garbage-first heap   total 50176K, used 36072K [0x0000000085200000, 0x0000000100000000)
  region size 1024K, 22 young (22528K), 2 survivors (2048K)
 Metaspace       used 40090K, committed 40576K, reserved 1089536K
  class space    used 4869K, committed 5120K, reserved 1048576K
}
Event: 7.869 GC heap after
{Heap after GC invocations=15 (full 0):
 garbage-first heap   total 50176K, used 17763K [0x0000000085200000, 0x0000000100000000)
  region size 1024K, 2 young (2048K), 2 survivors (2048K)
 Metaspace       used 40090K, committed 40576K, reserved 1089536K
  class space    used 4869K, committed 5120K, reserved 1048576K
}
Event: 7.904 GC heap before
{Heap before GC invocations=15 (full 0):
 garbage-first heap   total 50176K, used 18787K [0x0000000085200000, 0x0000000100000000)
  region size 1024K, 3 young (3072K), 2 survivors (2048K)
 Metaspace       used 40309K, committed 40768K, reserved 1089536K
  class space    used 4903K, committed 5120K, reserved 1048576K
}
Event: 7.912 GC heap after
{Heap after GC invocations=16 (full 0):
 garbage-first heap   total 50176K, used 17328K [0x0000000085200000, 0x0000000100000000)
  region size 1024K, 1 young (1024K), 1 survivors (1024K)
 Metaspace       used 40309K, committed 40768K, reserved 1089536K
  class space    used 4903K, committed 5120K, reserved 1048576K
}
Event: 8.935 GC heap before
{Heap before GC invocations=16 (full 0):
 garbage-first heap   total 50176K, used 36784K [0x0000000085200000, 0x0000000100000000)
  region size 1024K, 21 young (21504K), 1 survivors (1024K)
 Metaspace       used 49068K, committed 49408K, reserved 1097728K
  class space    used 5993K, committed 6144K, reserved 1048576K
}
Event: 8.941 GC heap after
{Heap after GC invocations=17 (full 0):
 garbage-first heap   total 50176K, used 18965K [0x0000000085200000, 0x0000000100000000)
  region size 1024K, 2 young (2048K), 2 survivors (2048K)
 Metaspace       used 49068K, committed 49408K, reserved 1097728K
  class space    used 5993K, committed 6144K, reserved 1048576K
}
Event: 9.400 GC heap before
{Heap before GC invocations=17 (full 0):
 garbage-first heap   total 50176K, used 38421K [0x0000000085200000, 0x0000000100000000)
  region size 1024K, 21 young (21504K), 2 survivors (2048K)
 Metaspace       used 52414K, committed 52736K, reserved 1097728K
  class space    used 6447K, committed 6592K, reserved 1048576K
}
Event: 9.406 GC heap after
{Heap after GC invocations=18 (full 0):
 garbage-first heap   total 50176K, used 19915K [0x0000000085200000, 0x0000000100000000)
  region size 1024K, 1 young (1024K), 1 survivors (1024K)
 Metaspace       used 52414K, committed 52736K, reserved 1097728K
  class space    used 6447K, committed 6592K, reserved 1048576K
}
Event: 9.946 GC heap before
{Heap before GC invocations=18 (full 0):
 garbage-first heap   total 50176K, used 39371K [0x0000000085200000, 0x0000000100000000)
  region size 1024K, 20 young (20480K), 1 survivors (1024K)
 Metaspace       used 56287K, committed 56768K, reserved 1105920K
  class space    used 7044K, committed 7296K, reserved 1048576K
}
Event: 9.952 GC heap after
{Heap after GC invocations=19 (full 0):
 garbage-first heap   total 81920K, used 20793K [0x0000000085200000, 0x0000000100000000)
  region size 1024K, 2 young (2048K), 2 survivors (2048K)
 Metaspace       used 56287K, committed 56768K, reserved 1105920K
  class space    used 7044K, committed 7296K, reserved 1048576K
}
Event: 10.559 GC heap before
{Heap before GC invocations=19 (full 0):
 garbage-first heap   total 81920K, used 34105K [0x0000000085200000, 0x0000000100000000)
  region size 1024K, 16 young (16384K), 2 survivors (2048K)
 Metaspace       used 60078K, committed 60480K, reserved 1105920K
  class space    used 7667K, committed 7872K, reserved 1048576K
}
Event: 10.566 GC heap after
{Heap after GC invocations=20 (full 0):
 garbage-first heap   total 81920K, used 21349K [0x0000000085200000, 0x0000000100000000)
  region size 1024K, 3 young (3072K), 3 survivors (3072K)
 Metaspace       used 60078K, committed 60480K, reserved 1105920K
  class space    used 7667K, committed 7872K, reserved 1048576K
}
Event: 11.874 GC heap before
{Heap before GC invocations=21 (full 0):
 garbage-first heap   total 81920K, used 63333K [0x0000000085200000, 0x0000000100000000)
  region size 1024K, 45 young (46080K), 3 survivors (3072K)
 Metaspace       used 67558K, committed 68032K, reserved 1114112K
  class space    used 8829K, committed 9024K, reserved 1048576K
}
Event: 11.887 GC heap after
{Heap after GC invocations=22 (full 0):
 garbage-first heap   total 81920K, used 24276K [0x0000000085200000, 0x0000000100000000)
  region size 1024K, 6 young (6144K), 6 survivors (6144K)
 Metaspace       used 67558K, committed 68032K, reserved 1114112K
  class space    used 8829K, committed 9024K, reserved 1048576K
}
Event: 33.716 GC heap before
{Heap before GC invocations=23 (full 0):
 garbage-first heap   total 81920K, used 62164K [0x0000000085200000, 0x0000000100000000)
  region size 1024K, 43 young (44032K), 6 survivors (6144K)
 Metaspace       used 73088K, committed 73600K, reserved 1114112K
  class space    used 9604K, committed 9856K, reserved 1048576K
}
Event: 33.738 GC heap after
{Heap after GC invocations=24 (full 0):
 garbage-first heap   total 81920K, used 27400K [0x0000000085200000, 0x0000000100000000)
  region size 1024K, 6 young (6144K), 6 survivors (6144K)
 Metaspace       used 73088K, committed 73600K, reserved 1114112K
  class space    used 9604K, committed 9856K, reserved 1048576K
}

